currenBestName-10-20-
currentBest["pos"]:  [10, 20]
node {'pos': [10, 20], 'status': 'closed', 'g': 0, 'collision': 0}
first loop  0
u:  -1 newPos[i]:  9
newPos:  [9, 20] nodeName:  -10-20-
u:  1 newPos[i]:  11
newPos:  [11, 20] nodeName:  -10-20-
END 


first loop  1
u:  -1 newPos[i]:  19
newPos:  [10, 19] nodeName:  -10-20-
u:  1 newPos[i]:  21
newPos:  [10, 21] nodeName:  -10-20-
END 


currentBest["pos"]:  [10, 19]
node {'pos': [10, 19], 'status': 'closed', 'g': 1, 'collision': 0}
first loop  0
u:  -1 newPos[i]:  9
newPos:  [9, 19] nodeName:  -10-19-
u:  1 newPos[i]:  11
newPos:  [11, 19] nodeName:  -10-19-
END 


first loop  1
u:  -1 newPos[i]:  18
newPos:  [10, 18] nodeName:  -10-19-
u:  1 newPos[i]:  20
END 


currentBest["pos"]:  [10, 18]
node {'pos': [10, 18], 'status': 'closed', 'g': 2, 'collision': 0}
first loop  0
u:  -1 newPos[i]:  9
newPos:  [9, 18] nodeName:  -10-18-
u:  1 newPos[i]:  11
newPos:  [11, 18] nodeName:  -10-18-
END 


first loop  1
u:  -1 newPos[i]:  17
newPos:  [10, 17] nodeName:  -10-18-
u:  1 newPos[i]:  19
END 


currentBest["pos"]:  [10, 17]
node {'pos': [10, 17], 'status': 'closed', 'g': 3, 'collision': 0}
first loop  0
u:  -1 newPos[i]:  9
newPos:  [9, 17] nodeName:  -10-17-
u:  1 newPos[i]:  11
newPos:  [11, 17] nodeName:  -10-17-
END 


first loop  1
u:  -1 newPos[i]:  16
newPos:  [10, 16] nodeName:  -10-17-
u:  1 newPos[i]:  18
END 


currentBest["pos"]:  [10, 16]
node {'pos': [10, 16], 'status': 'closed', 'g': 4, 'collision': 0}
first loop  0
u:  -1 newPos[i]:  9
newPos:  [9, 16] nodeName:  -10-16-
u:  1 newPos[i]:  11
newPos:  [11, 16] nodeName:  -10-16-
END 


first loop  1
u:  -1 newPos[i]:  15
newPos:  [10, 15] nodeName:  -10-16-
u:  1 newPos[i]:  17
END 


currentBest["pos"]:  [10, 15]
node {'pos': [10, 15], 'status': 'closed', 'g': 5, 'collision': 0}
first loop  0
u:  -1 newPos[i]:  9
newPos:  [9, 15] nodeName:  -10-15-
u:  1 newPos[i]:  11
newPos:  [11, 15] nodeName:  -10-15-
END 


first loop  1
u:  -1 newPos[i]:  14
newPos:  [10, 14] nodeName:  -10-15-
u:  1 newPos[i]:  16
END 


currentBest["pos"]:  [10, 14]
node {'pos': [10, 14], 'status': 'closed', 'g': 6, 'collision': 0}
first loop  0
u:  -1 newPos[i]:  9
newPos:  [9, 14] nodeName:  -10-14-
u:  1 newPos[i]:  11
newPos:  [11, 14] nodeName:  -10-14-
END 


first loop  1
u:  -1 newPos[i]:  13
newPos:  [10, 13] nodeName:  -10-14-
u:  1 newPos[i]:  15
END 


currentBest["pos"]:  [10, 13]
node {'pos': [10, 13], 'status': 'closed', 'g': 7, 'collision': 0}
first loop  0
u:  -1 newPos[i]:  9
newPos:  [9, 13] nodeName:  -10-13-
u:  1 newPos[i]:  11
newPos:  [11, 13] nodeName:  -10-13-
END 


first loop  1
u:  -1 newPos[i]:  12
newPos:  [10, 12] nodeName:  -10-13-
u:  1 newPos[i]:  14
END 


currentBest["pos"]:  [9, 20]
node {'pos': [9, 20], 'status': 'closed', 'g': 1, 'collision': 0}
first loop  0
u:  -1 newPos[i]:  8
newPos:  [8, 20] nodeName:  -9-20-
u:  1 newPos[i]:  10
END 


first loop  1
u:  -1 newPos[i]:  19
u:  1 newPos[i]:  21
newPos:  [9, 21] nodeName:  -9-20-
END 


currentBest["pos"]:  [9, 19]
node {'pos': [9, 19], 'status': 'closed', 'g': 2, 'collision': 0}
first loop  0
u:  -1 newPos[i]:  8
newPos:  [8, 19] nodeName:  -9-19-
u:  1 newPos[i]:  10
END 


first loop  1
u:  -1 newPos[i]:  18
u:  1 newPos[i]:  20
END 


currentBest["pos"]:  [9, 18]
node {'pos': [9, 18], 'status': 'closed', 'g': 3, 'collision': 0}
first loop  0
u:  -1 newPos[i]:  8
newPos:  [8, 18] nodeName:  -9-18-
u:  1 newPos[i]:  10
END 


first loop  1
u:  -1 newPos[i]:  17
u:  1 newPos[i]:  19
END 


currentBest["pos"]:  [10, 12]
node {'pos': [10, 12], 'status': 'closed', 'g': 8, 'collision': 0}
first loop  0
u:  -1 newPos[i]:  9
newPos:  [9, 12] nodeName:  -10-12-
u:  1 newPos[i]:  11
newPos:  [11, 12] nodeName:  -10-12-
END 


first loop  1
u:  -1 newPos[i]:  11
newPos:  [10, 11] nodeName:  -10-12-
u:  1 newPos[i]:  13
END 


currentBest["pos"]:  [9, 17]
node {'pos': [9, 17], 'status': 'closed', 'g': 4, 'collision': 0}
first loop  0
u:  -1 newPos[i]:  8
newPos:  [8, 17] nodeName:  -9-17-
u:  1 newPos[i]:  10
END 


first loop  1
u:  -1 newPos[i]:  16
u:  1 newPos[i]:  18
END 


currentBest["pos"]:  [9, 16]
node {'pos': [9, 16], 'status': 'closed', 'g': 5, 'collision': 0}
first loop  0
u:  -1 newPos[i]:  8
newPos:  [8, 16] nodeName:  -9-16-
u:  1 newPos[i]:  10
END 


first loop  1
u:  -1 newPos[i]:  15
u:  1 newPos[i]:  17
END 


currentBest["pos"]:  [10, 11]
node {'pos': [10, 11], 'status': 'closed', 'g': 9, 'collision': 0}
first loop  0
u:  -1 newPos[i]:  9
newPos:  [9, 11] nodeName:  -10-11-
u:  1 newPos[i]:  11
newPos:  [11, 11] nodeName:  -10-11-
END 


first loop  1
u:  -1 newPos[i]:  10
newPos:  [10, 10] nodeName:  -10-11-
u:  1 newPos[i]:  12
END 


currentBest["pos"]:  [9, 15]
node {'pos': [9, 15], 'status': 'closed', 'g': 6, 'collision': 0}
first loop  0
u:  -1 newPos[i]:  8
newPos:  [8, 15] nodeName:  -9-15-
u:  1 newPos[i]:  10
END 


first loop  1
u:  -1 newPos[i]:  14
u:  1 newPos[i]:  16
END 


currentBest["pos"]:  [9, 14]
node {'pos': [9, 14], 'status': 'closed', 'g': 7, 'collision': 0}
first loop  0
u:  -1 newPos[i]:  8
newPos:  [8, 14] nodeName:  -9-14-
u:  1 newPos[i]:  10
END 


first loop  1
u:  -1 newPos[i]:  13
u:  1 newPos[i]:  15
END 


currentBest["pos"]:  [10, 10]
node {'pos': [10, 10], 'status': 'closed', 'g': 10, 'collision': 0}
first loop  0
u:  -1 newPos[i]:  9
newPos:  [9, 10] nodeName:  -10-10-
u:  1 newPos[i]:  11
newPos:  [11, 10] nodeName:  -10-10-
END 


first loop  1
u:  -1 newPos[i]:  9
newPos:  [10, 9] nodeName:  -10-10-
u:  1 newPos[i]:  11
END 


currentBest["pos"]:  [9, 13]
node {'pos': [9, 13], 'status': 'closed', 'g': 8, 'collision': 0}
first loop  0
u:  -1 newPos[i]:  8
newPos:  [8, 13] nodeName:  -9-13-
u:  1 newPos[i]:  10
END 


first loop  1
u:  -1 newPos[i]:  12
u:  1 newPos[i]:  14
END 


currentBest["pos"]:  [9, 12]
node {'pos': [9, 12], 'status': 'closed', 'g': 9, 'collision': 0}
first loop  0
u:  -1 newPos[i]:  8
newPos:  [8, 12] nodeName:  -9-12-
u:  1 newPos[i]:  10
END 


first loop  1
u:  -1 newPos[i]:  11
u:  1 newPos[i]:  13
END 


currentBest["pos"]:  [11, 20]
node {'pos': [11, 20], 'status': 'closed', 'g': 1, 'collision': 0}
first loop  0
u:  -1 newPos[i]:  10
u:  1 newPos[i]:  12
newPos:  [12, 20] nodeName:  -11-20-
END 


first loop  1
u:  -1 newPos[i]:  19
u:  1 newPos[i]:  21
newPos:  [11, 21] nodeName:  -11-20-
END 


currentBest["pos"]:  [10, 9]
currentBest["pos"]:  [8, 20]
node {'pos': [8, 20], 'status': 'closed', 'g': 2, 'collision': 0}
first loop  0
u:  -1 newPos[i]:  7
newPos:  [7, 20] nodeName:  -8-20-
u:  1 newPos[i]:  9
END 


first loop  1
u:  -1 newPos[i]:  19
u:  1 newPos[i]:  21
newPos:  [8, 21] nodeName:  -8-20-
END 


currentBest["pos"]:  [9, 11]
node {'pos': [9, 11], 'status': 'closed', 'g': 10, 'collision': 0}
first loop  0
u:  -1 newPos[i]:  8
newPos:  [8, 11] nodeName:  -9-11-
u:  1 newPos[i]:  10
END 


first loop  1
u:  -1 newPos[i]:  10
u:  1 newPos[i]:  12
END 


currentBest["pos"]:  [8, 19]
node {'pos': [8, 19], 'status': 'closed', 'g': 3, 'collision': 0}
first loop  0
u:  -1 newPos[i]:  7
newPos:  [7, 19] nodeName:  -8-19-
u:  1 newPos[i]:  9
END 


first loop  1
u:  -1 newPos[i]:  18
u:  1 newPos[i]:  20
END 


currentBest["pos"]:  [11, 19]
node {'pos': [11, 19], 'status': 'closed', 'g': 2, 'collision': 0}
first loop  0
u:  -1 newPos[i]:  10
u:  1 newPos[i]:  12
newPos:  [12, 19] nodeName:  -11-19-
END 


first loop  1
u:  -1 newPos[i]:  18
u:  1 newPos[i]:  20
END 


currentBest["pos"]:  [8, 18]
node {'pos': [8, 18], 'status': 'closed', 'g': 4, 'collision': 0}
first loop  0
u:  -1 newPos[i]:  7
newPos:  [7, 18] nodeName:  -8-18-
u:  1 newPos[i]:  9
END 


first loop  1
u:  -1 newPos[i]:  17
u:  1 newPos[i]:  19
END 


currentBest["pos"]:  [8, 17]
node {'pos': [8, 17], 'status': 'closed', 'g': 5, 'collision': 0}
first loop  0
u:  -1 newPos[i]:  7
newPos:  [7, 17] nodeName:  -8-17-
u:  1 newPos[i]:  9
END 


first loop  1
u:  -1 newPos[i]:  16
u:  1 newPos[i]:  18
END 


currentBest["pos"]:  [11, 18]
node {'pos': [11, 18], 'status': 'closed', 'g': 3, 'collision': 0}
first loop  0
u:  -1 newPos[i]:  10
u:  1 newPos[i]:  12
newPos:  [12, 18] nodeName:  -11-18-
END 


first loop  1
u:  -1 newPos[i]:  17
u:  1 newPos[i]:  19
END 


currentBest["pos"]:  [8, 16]
node {'pos': [8, 16], 'status': 'closed', 'g': 6, 'collision': 0}
first loop  0
u:  -1 newPos[i]:  7
newPos:  [7, 16] nodeName:  -8-16-
u:  1 newPos[i]:  9
END 


first loop  1
u:  -1 newPos[i]:  15
u:  1 newPos[i]:  17
END 


currentBest["pos"]:  [9, 10]
node {'pos': [9, 10], 'status': 'closed', 'g': 11, 'collision': 0}
first loop  0
u:  -1 newPos[i]:  8
newPos:  [8, 10] nodeName:  -9-10-
u:  1 newPos[i]:  10
END 


first loop  1
u:  -1 newPos[i]:  9
newPos:  [9, 9] nodeName:  -9-10-
u:  1 newPos[i]:  11
END 


currentBest["pos"]:  [8, 15]
node {'pos': [8, 15], 'status': 'closed', 'g': 7, 'collision': 0}
first loop  0
u:  -1 newPos[i]:  7
newPos:  [7, 15] nodeName:  -8-15-
u:  1 newPos[i]:  9
END 


first loop  1
u:  -1 newPos[i]:  14
u:  1 newPos[i]:  16
END 


currentBest["pos"]:  [11, 17]
node {'pos': [11, 17], 'status': 'closed', 'g': 4, 'collision': 0}
first loop  0
u:  -1 newPos[i]:  10
u:  1 newPos[i]:  12
newPos:  [12, 17] nodeName:  -11-17-
END 


first loop  1
u:  -1 newPos[i]:  16
u:  1 newPos[i]:  18
END 


currentBest["pos"]:  [8, 14]
node {'pos': [8, 14], 'status': 'closed', 'g': 8, 'collision': 0}
first loop  0
u:  -1 newPos[i]:  7
newPos:  [7, 14] nodeName:  -8-14-
u:  1 newPos[i]:  9
END 


first loop  1
u:  -1 newPos[i]:  13
u:  1 newPos[i]:  15
END 


currentBest["pos"]:  [11, 16]
node {'pos': [11, 16], 'status': 'closed', 'g': 5, 'collision': 0}
first loop  0
u:  -1 newPos[i]:  10
u:  1 newPos[i]:  12
newPos:  [12, 16] nodeName:  -11-16-
END 


first loop  1
u:  -1 newPos[i]:  15
u:  1 newPos[i]:  17
END 


currentBest["pos"]:  [8, 13]
node {'pos': [8, 13], 'status': 'closed', 'g': 9, 'collision': 0}
first loop  0
u:  -1 newPos[i]:  7
newPos:  [7, 13] nodeName:  -8-13-
u:  1 newPos[i]:  9
END 


first loop  1
u:  -1 newPos[i]:  12
u:  1 newPos[i]:  14
END 


currentBest["pos"]:  [9, 9]
currentBest["pos"]:  [8, 12]
node {'pos': [8, 12], 'status': 'closed', 'g': 10, 'collision': 0}
first loop  0
u:  -1 newPos[i]:  7
newPos:  [7, 12] nodeName:  -8-12-
u:  1 newPos[i]:  9
END 


first loop  1
u:  -1 newPos[i]:  11
u:  1 newPos[i]:  13
END 


currentBest["pos"]:  [11, 15]
node {'pos': [11, 15], 'status': 'closed', 'g': 6, 'collision': 0}
first loop  0
u:  -1 newPos[i]:  10
u:  1 newPos[i]:  12
newPos:  [12, 15] nodeName:  -11-15-
END 


first loop  1
u:  -1 newPos[i]:  14
u:  1 newPos[i]:  16
END 


currentBest["pos"]:  [8, 11]
node {'pos': [8, 11], 'status': 'closed', 'g': 11, 'collision': 0}
first loop  0
u:  -1 newPos[i]:  7
newPos:  [7, 11] nodeName:  -8-11-
u:  1 newPos[i]:  9
END 


first loop  1
u:  -1 newPos[i]:  10
u:  1 newPos[i]:  12
END 


currentBest["pos"]:  [10, 21]
node {'pos': [10, 21], 'status': 'closed', 'g': 1, 'collision': 0}
first loop  0
u:  -1 newPos[i]:  9
u:  1 newPos[i]:  11
END 


first loop  1
u:  -1 newPos[i]:  20
u:  1 newPos[i]:  22
newPos:  [10, 22] nodeName:  -10-21-
END 


currentBest["pos"]:  [11, 14]
node {'pos': [11, 14], 'status': 'closed', 'g': 7, 'collision': 0}
first loop  0
u:  -1 newPos[i]:  10
u:  1 newPos[i]:  12
newPos:  [12, 14] nodeName:  -11-14-
END 


first loop  1
u:  -1 newPos[i]:  13
u:  1 newPos[i]:  15
END 


currentBest["pos"]:  [8, 10]
node {'pos': [8, 10], 'status': 'closed', 'g': 12, 'collision': 0}
first loop  0
u:  -1 newPos[i]:  7
newPos:  [7, 10] nodeName:  -8-10-
u:  1 newPos[i]:  9
END 


first loop  1
u:  -1 newPos[i]:  9
newPos:  [8, 9] nodeName:  -8-10-
u:  1 newPos[i]:  11
END 


currentBest["pos"]:  [7, 20]
node {'pos': [7, 20], 'status': 'closed', 'g': 3, 'collision': 0}
first loop  0
u:  -1 newPos[i]:  6
newPos:  [6, 20] nodeName:  -7-20-
u:  1 newPos[i]:  8
END 


first loop  1
u:  -1 newPos[i]:  19
u:  1 newPos[i]:  21
newPos:  [7, 21] nodeName:  -7-20-
END 


currentBest["pos"]:  [11, 13]
node {'pos': [11, 13], 'status': 'closed', 'g': 8, 'collision': 0}
first loop  0
u:  -1 newPos[i]:  10
u:  1 newPos[i]:  12
newPos:  [12, 13] nodeName:  -11-13-
END 


first loop  1
u:  -1 newPos[i]:  12
u:  1 newPos[i]:  14
END 


currentBest["pos"]:  [8, 9]
currentBest["pos"]:  [7, 19]
node {'pos': [7, 19], 'status': 'closed', 'g': 4, 'collision': 0}
first loop  0
u:  -1 newPos[i]:  6
newPos:  [6, 19] nodeName:  -7-19-
u:  1 newPos[i]:  8
END 


first loop  1
u:  -1 newPos[i]:  18
u:  1 newPos[i]:  20
END 


currentBest["pos"]:  [7, 18]
currentBest["pos"]:  [7, 17]
currentBest["pos"]:  [7, 16]
currentBest["pos"]:  [7, 15]
currentBest["pos"]:  [11, 12]
node {'pos': [11, 12], 'status': 'closed', 'g': 9, 'collision': 0}
first loop  0
u:  -1 newPos[i]:  10
u:  1 newPos[i]:  12
newPos:  [12, 12] nodeName:  -11-12-
END 


first loop  1
u:  -1 newPos[i]:  11
u:  1 newPos[i]:  13
END 


currentBest["pos"]:  [7, 14]
currentBest["pos"]:  [7, 13]
currentBest["pos"]:  [7, 12]
currentBest["pos"]:  [7, 11]
currentBest["pos"]:  [11, 11]
node {'pos': [11, 11], 'status': 'closed', 'g': 10, 'collision': 0}
first loop  0
u:  -1 newPos[i]:  10
u:  1 newPos[i]:  12
newPos:  [12, 11] nodeName:  -11-11-
END 


first loop  1
u:  -1 newPos[i]:  10
u:  1 newPos[i]:  12
END 


currentBest["pos"]:  [7, 10]
currentBest["pos"]:  [9, 21]
node {'pos': [9, 21], 'status': 'closed', 'g': 2, 'collision': 0}
first loop  0
u:  -1 newPos[i]:  8
u:  1 newPos[i]:  10
END 


first loop  1
u:  -1 newPos[i]:  20
u:  1 newPos[i]:  22
newPos:  [9, 22] nodeName:  -9-21-
END 


currentBest["pos"]:  [12, 20]
node {'pos': [12, 20], 'status': 'closed', 'g': 2, 'collision': 0}
first loop  0
u:  -1 newPos[i]:  11
u:  1 newPos[i]:  13
newPos:  [13, 20] nodeName:  -12-20-
END 


first loop  1
u:  -1 newPos[i]:  19
u:  1 newPos[i]:  21
newPos:  [12, 21] nodeName:  -12-20-
END 


currentBest["pos"]:  [11, 10]
node {'pos': [11, 10], 'status': 'closed', 'g': 11, 'collision': 0}
first loop  0
u:  -1 newPos[i]:  10
u:  1 newPos[i]:  12
newPos:  [12, 10] nodeName:  -11-10-
END 


first loop  1
u:  -1 newPos[i]:  9
newPos:  [11, 9] nodeName:  -11-10-
u:  1 newPos[i]:  11
END 


currentBest["pos"]:  [12, 19]
node {'pos': [12, 19], 'status': 'closed', 'g': 3, 'collision': 0}
first loop  0
u:  -1 newPos[i]:  11
u:  1 newPos[i]:  13
newPos:  [13, 19] nodeName:  -12-19-
END 


first loop  1
u:  -1 newPos[i]:  18
u:  1 newPos[i]:  20
END 


currentBest["pos"]:  [12, 18]
node {'pos': [12, 18], 'status': 'closed', 'g': 4, 'collision': 0}
first loop  0
u:  -1 newPos[i]:  11
u:  1 newPos[i]:  13
newPos:  [13, 18] nodeName:  -12-18-
END 


first loop  1
u:  -1 newPos[i]:  17
u:  1 newPos[i]:  19
END 


currentBest["pos"]:  [6, 20]
node {'pos': [6, 20], 'status': 'closed', 'g': 4, 'collision': 0}
first loop  0
u:  -1 newPos[i]:  5
newPos:  [5, 20] nodeName:  -6-20-
u:  1 newPos[i]:  7
END 


first loop  1
u:  -1 newPos[i]:  19
u:  1 newPos[i]:  21
newPos:  [6, 21] nodeName:  -6-20-
END 


currentBest["pos"]:  [6, 19]
currentBest["pos"]:  [11, 9]
currentBest["pos"]:  [12, 17]
node {'pos': [12, 17], 'status': 'closed', 'g': 5, 'collision': 0}
first loop  0
u:  -1 newPos[i]:  11
u:  1 newPos[i]:  13
newPos:  [13, 17] nodeName:  -12-17-
END 


first loop  1
u:  -1 newPos[i]:  16
u:  1 newPos[i]:  18
END 


currentBest["pos"]:  [12, 16]
node {'pos': [12, 16], 'status': 'closed', 'g': 6, 'collision': 0}
first loop  0
u:  -1 newPos[i]:  11
u:  1 newPos[i]:  13
newPos:  [13, 16] nodeName:  -12-16-
END 


first loop  1
u:  -1 newPos[i]:  15
u:  1 newPos[i]:  17
END 


currentBest["pos"]:  [11, 21]
node {'pos': [11, 21], 'status': 'closed', 'g': 2, 'collision': 0}
first loop  0
u:  -1 newPos[i]:  10
u:  1 newPos[i]:  12
END 


first loop  1
u:  -1 newPos[i]:  20
u:  1 newPos[i]:  22
newPos:  [11, 22] nodeName:  -11-21-
END 


currentBest["pos"]:  [8, 21]
node {'pos': [8, 21], 'status': 'closed', 'g': 3, 'collision': 0}
first loop  0
u:  -1 newPos[i]:  7
u:  1 newPos[i]:  9
END 


first loop  1
u:  -1 newPos[i]:  20
u:  1 newPos[i]:  22
newPos:  [8, 22] nodeName:  -8-21-
END 


currentBest["pos"]:  [12, 15]
node {'pos': [12, 15], 'status': 'closed', 'g': 7, 'collision': 0}
first loop  0
u:  -1 newPos[i]:  11
u:  1 newPos[i]:  13
newPos:  [13, 15] nodeName:  -12-15-
END 


first loop  1
u:  -1 newPos[i]:  14
u:  1 newPos[i]:  16
END 


currentBest["pos"]:  [12, 14]
node {'pos': [12, 14], 'status': 'closed', 'g': 8, 'collision': 0}
first loop  0
u:  -1 newPos[i]:  11
u:  1 newPos[i]:  13
newPos:  [13, 14] nodeName:  -12-14-
END 


first loop  1
u:  -1 newPos[i]:  13
u:  1 newPos[i]:  15
END 


currentBest["pos"]:  [12, 13]
node {'pos': [12, 13], 'status': 'closed', 'g': 9, 'collision': 0}
first loop  0
u:  -1 newPos[i]:  11
u:  1 newPos[i]:  13
newPos:  [13, 13] nodeName:  -12-13-
END 


first loop  1
u:  -1 newPos[i]:  12
u:  1 newPos[i]:  14
END 


currentBest["pos"]:  [5, 20]
node {'pos': [5, 20], 'status': 'closed', 'g': 5, 'collision': 0}
first loop  0
u:  -1 newPos[i]:  4
newPos:  [4, 20] nodeName:  -5-20-
u:  1 newPos[i]:  6
END 


first loop  1
u:  -1 newPos[i]:  19
newPos:  [5, 19] nodeName:  -5-20-
u:  1 newPos[i]:  21
newPos:  [5, 21] nodeName:  -5-20-
END 


currentBest["pos"]:  [5, 19]
node {'pos': [5, 19], 'status': 'closed', 'g': 6, 'collision': 0}
first loop  0
u:  -1 newPos[i]:  4
newPos:  [4, 19] nodeName:  -5-19-
u:  1 newPos[i]:  6
END 


first loop  1
u:  -1 newPos[i]:  18
newPos:  [5, 18] nodeName:  -5-19-
u:  1 newPos[i]:  20
END 


currentBest["pos"]:  [5, 18]
currentBest["pos"]:  [10, 22]
node {'pos': [10, 22], 'status': 'closed', 'g': 2, 'collision': 0}
first loop  0
u:  -1 newPos[i]:  9
u:  1 newPos[i]:  11
END 


first loop  1
u:  -1 newPos[i]:  21
u:  1 newPos[i]:  23
END 


currentBest["pos"]:  [12, 12]
node {'pos': [12, 12], 'status': 'closed', 'g': 10, 'collision': 0}
first loop  0
u:  -1 newPos[i]:  11
u:  1 newPos[i]:  13
newPos:  [13, 12] nodeName:  -12-12-
END 


first loop  1
u:  -1 newPos[i]:  11
u:  1 newPos[i]:  13
END 


currentBest["pos"]:  [7, 21]
node {'pos': [7, 21], 'status': 'closed', 'g': 4, 'collision': 0}
first loop  0
u:  -1 newPos[i]:  6
u:  1 newPos[i]:  8
END 


first loop  1
u:  -1 newPos[i]:  20
u:  1 newPos[i]:  22
newPos:  [7, 22] nodeName:  -7-21-
END 


currentBest["pos"]:  [12, 11]
node {'pos': [12, 11], 'status': 'closed', 'g': 11, 'collision': 0}
first loop  0
u:  -1 newPos[i]:  11
u:  1 newPos[i]:  13
newPos:  [13, 11] nodeName:  -12-11-
END 


first loop  1
u:  -1 newPos[i]:  10
u:  1 newPos[i]:  12
END 


currentBest["pos"]:  [13, 20]
node {'pos': [13, 20], 'status': 'closed', 'g': 3, 'collision': 0}
first loop  0
u:  -1 newPos[i]:  12
u:  1 newPos[i]:  14
newPos:  [14, 20] nodeName:  -13-20-
END 


first loop  1
u:  -1 newPos[i]:  19
u:  1 newPos[i]:  21
newPos:  [13, 21] nodeName:  -13-20-
END 


currentBest["pos"]:  [13, 19]
node {'pos': [13, 19], 'status': 'closed', 'g': 4, 'collision': 0}
first loop  0
u:  -1 newPos[i]:  12
u:  1 newPos[i]:  14
newPos:  [14, 19] nodeName:  -13-19-
END 


first loop  1
u:  -1 newPos[i]:  18
u:  1 newPos[i]:  20
END 


currentBest["pos"]:  [13, 18]
node {'pos': [13, 18], 'status': 'closed', 'g': 5, 'collision': 0}
first loop  0
u:  -1 newPos[i]:  12
u:  1 newPos[i]:  14
newPos:  [14, 18] nodeName:  -13-18-
END 


first loop  1
u:  -1 newPos[i]:  17
u:  1 newPos[i]:  19
END 


currentBest["pos"]:  [12, 10]
node {'pos': [12, 10], 'status': 'closed', 'g': 12, 'collision': 0}
first loop  0
u:  -1 newPos[i]:  11
u:  1 newPos[i]:  13
newPos:  [13, 10] nodeName:  -12-10-
END 


first loop  1
u:  -1 newPos[i]:  9
newPos:  [12, 9] nodeName:  -12-10-
u:  1 newPos[i]:  11
END 


currentBest["pos"]:  [9, 22]
node {'pos': [9, 22], 'status': 'closed', 'g': 3, 'collision': 0}
first loop  0
u:  -1 newPos[i]:  8
u:  1 newPos[i]:  10
END 


first loop  1
u:  -1 newPos[i]:  21
u:  1 newPos[i]:  23
END 


currentBest["pos"]:  [13, 17]
node {'pos': [13, 17], 'status': 'closed', 'g': 6, 'collision': 0}
first loop  0
u:  -1 newPos[i]:  12
u:  1 newPos[i]:  14
newPos:  [14, 17] nodeName:  -13-17-
END 


first loop  1
u:  -1 newPos[i]:  16
u:  1 newPos[i]:  18
END 


currentBest["pos"]:  [12, 21]
node {'pos': [12, 21], 'status': 'closed', 'g': 3, 'collision': 0}
first loop  0
u:  -1 newPos[i]:  11
u:  1 newPos[i]:  13
END 


first loop  1
u:  -1 newPos[i]:  20
u:  1 newPos[i]:  22
newPos:  [12, 22] nodeName:  -12-21-
END 


currentBest["pos"]:  [4, 20]
node {'pos': [4, 20], 'status': 'closed', 'g': 6, 'collision': 0}
first loop  0
u:  -1 newPos[i]:  3
newPos:  [3, 20] nodeName:  -4-20-
u:  1 newPos[i]:  5
END 


first loop  1
u:  -1 newPos[i]:  19
u:  1 newPos[i]:  21
newPos:  [4, 21] nodeName:  -4-20-
END 


currentBest["pos"]:  [13, 16]
node {'pos': [13, 16], 'status': 'closed', 'g': 7, 'collision': 0}
first loop  0
u:  -1 newPos[i]:  12
u:  1 newPos[i]:  14
newPos:  [14, 16] nodeName:  -13-16-
END 


first loop  1
u:  -1 newPos[i]:  15
u:  1 newPos[i]:  17
END 


currentBest["pos"]:  [4, 19]
node {'pos': [4, 19], 'status': 'closed', 'g': 7, 'collision': 0}
first loop  0
u:  -1 newPos[i]:  3
newPos:  [3, 19] nodeName:  -4-19-
u:  1 newPos[i]:  5
END 


first loop  1
u:  -1 newPos[i]:  18
newPos:  [4, 18] nodeName:  -4-19-
u:  1 newPos[i]:  20
END 


currentBest["pos"]:  [4, 18]
node {'pos': [4, 18], 'status': 'closed', 'g': 8, 'collision': 0}
first loop  0
u:  -1 newPos[i]:  3
newPos:  [3, 18] nodeName:  -4-18-
u:  1 newPos[i]:  5
END 


first loop  1
u:  -1 newPos[i]:  17
newPos:  [4, 17] nodeName:  -4-18-
u:  1 newPos[i]:  19
END 


currentBest["pos"]:  [4, 17]
node {'pos': [4, 17], 'status': 'closed', 'g': 9, 'collision': 0}
first loop  0
u:  -1 newPos[i]:  3
newPos:  [3, 17] nodeName:  -4-17-
u:  1 newPos[i]:  5
newPos:  [5, 17] nodeName:  -4-17-
END 


first loop  1
u:  -1 newPos[i]:  16
newPos:  [4, 16] nodeName:  -4-17-
u:  1 newPos[i]:  18
END 


currentBest["pos"]:  [4, 16]
node {'pos': [4, 16], 'status': 'closed', 'g': 10, 'collision': 0}
first loop  0
u:  -1 newPos[i]:  3
newPos:  [3, 16] nodeName:  -4-16-
u:  1 newPos[i]:  5
newPos:  [5, 16] nodeName:  -4-16-
END 


first loop  1
u:  -1 newPos[i]:  15
newPos:  [4, 15] nodeName:  -4-16-
u:  1 newPos[i]:  17
END 


currentBest["pos"]:  [4, 15]
node {'pos': [4, 15], 'status': 'closed', 'g': 11, 'collision': 0}
first loop  0
u:  -1 newPos[i]:  3
newPos:  [3, 15] nodeName:  -4-15-
u:  1 newPos[i]:  5
newPos:  [5, 15] nodeName:  -4-15-
END 


first loop  1
u:  -1 newPos[i]:  14
newPos:  [4, 14] nodeName:  -4-15-
u:  1 newPos[i]:  16
END 


currentBest["pos"]:  [4, 14]
node {'pos': [4, 14], 'status': 'closed', 'g': 12, 'collision': 0}
first loop  0
u:  -1 newPos[i]:  3
newPos:  [3, 14] nodeName:  -4-14-
u:  1 newPos[i]:  5
newPos:  [5, 14] nodeName:  -4-14-
END 


first loop  1
u:  -1 newPos[i]:  13
newPos:  [4, 13] nodeName:  -4-14-
u:  1 newPos[i]:  15
END 


currentBest["pos"]:  [12, 9]
currentBest["pos"]:  [4, 13]
node {'pos': [4, 13], 'status': 'closed', 'g': 13, 'collision': 0}
first loop  0
u:  -1 newPos[i]:  3
newPos:  [3, 13] nodeName:  -4-13-
u:  1 newPos[i]:  5
newPos:  [5, 13] nodeName:  -4-13-
END 


first loop  1
u:  -1 newPos[i]:  12
newPos:  [4, 12] nodeName:  -4-13-
u:  1 newPos[i]:  14
END 


currentBest["pos"]:  [4, 12]
node {'pos': [4, 12], 'status': 'closed', 'g': 14, 'collision': 0}
first loop  0
u:  -1 newPos[i]:  3
newPos:  [3, 12] nodeName:  -4-12-
u:  1 newPos[i]:  5
newPos:  [5, 12] nodeName:  -4-12-
END 


first loop  1
u:  -1 newPos[i]:  11
newPos:  [4, 11] nodeName:  -4-12-
u:  1 newPos[i]:  13
END 


currentBest["pos"]:  [4, 11]
node {'pos': [4, 11], 'status': 'closed', 'g': 15, 'collision': 0}
first loop  0
u:  -1 newPos[i]:  3
newPos:  [3, 11] nodeName:  -4-11-
u:  1 newPos[i]:  5
newPos:  [5, 11] nodeName:  -4-11-
END 


first loop  1
u:  -1 newPos[i]:  10
newPos:  [4, 10] nodeName:  -4-11-
u:  1 newPos[i]:  12
END 


currentBest["pos"]:  [4, 10]
node {'pos': [4, 10], 'status': 'closed', 'g': 16, 'collision': 0}
first loop  0
u:  -1 newPos[i]:  3
newPos:  [3, 10] nodeName:  -4-10-
u:  1 newPos[i]:  5
newPos:  [5, 10] nodeName:  -4-10-
END 


first loop  1
u:  -1 newPos[i]:  9
newPos:  [4, 9] nodeName:  -4-10-
u:  1 newPos[i]:  11
END 


currentBest["pos"]:  [4, 9]
node {'pos': [4, 9], 'status': 'closed', 'g': 17, 'collision': 0}
first loop  0
u:  -1 newPos[i]:  3
newPos:  [3, 9] nodeName:  -4-9-
u:  1 newPos[i]:  5
newPos:  [5, 9] nodeName:  -4-9-
END 


first loop  1
u:  -1 newPos[i]:  8
newPos:  [4, 8] nodeName:  -4-9-
u:  1 newPos[i]:  10
END 


currentBest["pos"]:  [4, 8]
node {'pos': [4, 8], 'status': 'closed', 'g': 18, 'collision': 0}
first loop  0
u:  -1 newPos[i]:  3
newPos:  [3, 8] nodeName:  -4-8-
u:  1 newPos[i]:  5
newPos:  [5, 8] nodeName:  -4-8-
END 


first loop  1
u:  -1 newPos[i]:  7
newPos:  [4, 7] nodeName:  -4-8-
u:  1 newPos[i]:  9
END 


currentBest["pos"]:  [4, 7]
node {'pos': [4, 7], 'status': 'closed', 'g': 19, 'collision': 0}
first loop  0
u:  -1 newPos[i]:  3
newPos:  [3, 7] nodeName:  -4-7-
u:  1 newPos[i]:  5
newPos:  [5, 7] nodeName:  -4-7-
END 


first loop  1
u:  -1 newPos[i]:  6
newPos:  [4, 6] nodeName:  -4-7-
u:  1 newPos[i]:  8
END 


currentBest["pos"]:  [4, 6]
node {'pos': [4, 6], 'status': 'closed', 'g': 20, 'collision': 0}
first loop  0
u:  -1 newPos[i]:  3
newPos:  [3, 6] nodeName:  -4-6-
u:  1 newPos[i]:  5
newPos:  [5, 6] nodeName:  -4-6-
END 


first loop  1
u:  -1 newPos[i]:  5
newPos:  [4, 5] nodeName:  -4-6-
u:  1 newPos[i]:  7
END 


currentBest["pos"]:  [4, 5]
node {'pos': [4, 5], 'status': 'closed', 'g': 21, 'collision': 0}
first loop  0
u:  -1 newPos[i]:  3
newPos:  [3, 5] nodeName:  -4-5-
u:  1 newPos[i]:  5
newPos:  [5, 5] nodeName:  -4-5-
END 


first loop  1
u:  -1 newPos[i]:  4
newPos:  [4, 4] nodeName:  -4-5-
u:  1 newPos[i]:  6
END 


currentBest["pos"]:  [4, 4]
node {'pos': [4, 4], 'status': 'closed', 'g': 22, 'collision': 0}
first loop  0
u:  -1 newPos[i]:  3
newPos:  [3, 4] nodeName:  -4-4-
u:  1 newPos[i]:  5
newPos:  [5, 4] nodeName:  -4-4-
END 


first loop  1
u:  -1 newPos[i]:  3
newPos:  [4, 3] nodeName:  -4-4-
u:  1 newPos[i]:  5
END 


currentBest["pos"]:  [13, 15]
node {'pos': [13, 15], 'status': 'closed', 'g': 8, 'collision': 0}
first loop  0
u:  -1 newPos[i]:  12
u:  1 newPos[i]:  14
newPos:  [14, 15] nodeName:  -13-15-
END 


first loop  1
u:  -1 newPos[i]:  14
u:  1 newPos[i]:  16
END 


currentBest["pos"]:  [6, 21]
node {'pos': [6, 21], 'status': 'closed', 'g': 5, 'collision': 0}
first loop  0
u:  -1 newPos[i]:  5
u:  1 newPos[i]:  7
END 


first loop  1
u:  -1 newPos[i]:  20
u:  1 newPos[i]:  22
newPos:  [6, 22] nodeName:  -6-21-
END 


currentBest["pos"]:  [4, 3]
node {'pos': [4, 3], 'status': 'closed', 'g': 23, 'collision': 0}
first loop  0
u:  -1 newPos[i]:  3
newPos:  [3, 3] nodeName:  -4-3-
u:  1 newPos[i]:  5
newPos:  [5, 3] nodeName:  -4-3-
END 


first loop  1
u:  -1 newPos[i]:  2
newPos:  [4, 2] nodeName:  -4-3-
u:  1 newPos[i]:  4
END 


currentBest["pos"]:  [13, 14]
node {'pos': [13, 14], 'status': 'closed', 'g': 9, 'collision': 0}
first loop  0
u:  -1 newPos[i]:  12
u:  1 newPos[i]:  14
newPos:  [14, 14] nodeName:  -13-14-
END 


first loop  1
u:  -1 newPos[i]:  13
u:  1 newPos[i]:  15
END 


currentBest["pos"]:  [4, 2]
node {'pos': [4, 2], 'status': 'closed', 'g': 24, 'collision': 0}
first loop  0
u:  -1 newPos[i]:  3
newPos:  [3, 2] nodeName:  -4-2-
u:  1 newPos[i]:  5
newPos:  [5, 2] nodeName:  -4-2-
END 


first loop  1
u:  -1 newPos[i]:  1
newPos:  [4, 1] nodeName:  -4-2-
u:  1 newPos[i]:  3
END 


currentBest["pos"]:  [11, 22]
node {'pos': [11, 22], 'status': 'closed', 'g': 3, 'collision': 0}
first loop  0
u:  -1 newPos[i]:  10
u:  1 newPos[i]:  12
END 


first loop  1
u:  -1 newPos[i]:  21
u:  1 newPos[i]:  23
END 


currentBest["pos"]:  [8, 22]
node {'pos': [8, 22], 'status': 'closed', 'g': 4, 'collision': 0}
first loop  0
u:  -1 newPos[i]:  7
u:  1 newPos[i]:  9
END 


first loop  1
u:  -1 newPos[i]:  21
u:  1 newPos[i]:  23
END 


currentBest["pos"]:  [13, 13]
node {'pos': [13, 13], 'status': 'closed', 'g': 10, 'collision': 0}
first loop  0
u:  -1 newPos[i]:  12
u:  1 newPos[i]:  14
newPos:  [14, 13] nodeName:  -13-13-
END 


first loop  1
u:  -1 newPos[i]:  12
u:  1 newPos[i]:  14
END 


currentBest["pos"]:  [13, 12]
node {'pos': [13, 12], 'status': 'closed', 'g': 11, 'collision': 0}
first loop  0
u:  -1 newPos[i]:  12
u:  1 newPos[i]:  14
newPos:  [14, 12] nodeName:  -13-12-
END 


first loop  1
u:  -1 newPos[i]:  11
u:  1 newPos[i]:  13
END 


currentBest["pos"]:  [14, 20]
node {'pos': [14, 20], 'status': 'closed', 'g': 4, 'collision': 0}
first loop  0
u:  -1 newPos[i]:  13
u:  1 newPos[i]:  15
newPos:  [15, 20] nodeName:  -14-20-
END 


first loop  1
u:  -1 newPos[i]:  19
u:  1 newPos[i]:  21
newPos:  [14, 21] nodeName:  -14-20-
END 


currentBest["pos"]:  [3, 10]
node {'pos': [3, 10], 'status': 'closed', 'g': 17, 'collision': 0}
first loop  0
u:  -1 newPos[i]:  2
newPos:  [2, 10] nodeName:  -3-10-
u:  1 newPos[i]:  4
END 


first loop  1
u:  -1 newPos[i]:  9
u:  1 newPos[i]:  11
END 


currentBest["pos"]:  [3, 11]
node {'pos': [3, 11], 'status': 'closed', 'g': 16, 'collision': 0}
first loop  0
u:  -1 newPos[i]:  2
newPos:  [2, 11] nodeName:  -3-11-
u:  1 newPos[i]:  4
END 


first loop  1
u:  -1 newPos[i]:  10
u:  1 newPos[i]:  12
END 


currentBest["pos"]:  [3, 12]
node {'pos': [3, 12], 'status': 'closed', 'g': 15, 'collision': 0}
first loop  0
u:  -1 newPos[i]:  2
newPos:  [2, 12] nodeName:  -3-12-
u:  1 newPos[i]:  4
END 


first loop  1
u:  -1 newPos[i]:  11
u:  1 newPos[i]:  13
END 


currentBest["pos"]:  [3, 13]
node {'pos': [3, 13], 'status': 'closed', 'g': 14, 'collision': 0}
first loop  0
u:  -1 newPos[i]:  2
newPos:  [2, 13] nodeName:  -3-13-
u:  1 newPos[i]:  4
END 


first loop  1
u:  -1 newPos[i]:  12
u:  1 newPos[i]:  14
END 


currentBest["pos"]:  [3, 14]
node {'pos': [3, 14], 'status': 'closed', 'g': 13, 'collision': 0}
first loop  0
u:  -1 newPos[i]:  2
newPos:  [2, 14] nodeName:  -3-14-
u:  1 newPos[i]:  4
END 


first loop  1
u:  -1 newPos[i]:  13
u:  1 newPos[i]:  15
END 


currentBest["pos"]:  [3, 15]
node {'pos': [3, 15], 'status': 'closed', 'g': 12, 'collision': 0}
first loop  0
u:  -1 newPos[i]:  2
newPos:  [2, 15] nodeName:  -3-15-
u:  1 newPos[i]:  4
END 


first loop  1
u:  -1 newPos[i]:  14
u:  1 newPos[i]:  16
END 


currentBest["pos"]:  [3, 16]
node {'pos': [3, 16], 'status': 'closed', 'g': 11, 'collision': 0}
first loop  0
u:  -1 newPos[i]:  2
newPos:  [2, 16] nodeName:  -3-16-
u:  1 newPos[i]:  4
END 


first loop  1
u:  -1 newPos[i]:  15
u:  1 newPos[i]:  17
END 


currentBest["pos"]:  [3, 17]
node {'pos': [3, 17], 'status': 'closed', 'g': 10, 'collision': 0}
first loop  0
u:  -1 newPos[i]:  2
newPos:  [2, 17] nodeName:  -3-17-
u:  1 newPos[i]:  4
END 


first loop  1
u:  -1 newPos[i]:  16
u:  1 newPos[i]:  18
END 


currentBest["pos"]:  [3, 18]
node {'pos': [3, 18], 'status': 'closed', 'g': 9, 'collision': 0}
first loop  0
u:  -1 newPos[i]:  2
newPos:  [2, 18] nodeName:  -3-18-
u:  1 newPos[i]:  4
END 


first loop  1
u:  -1 newPos[i]:  17
u:  1 newPos[i]:  19
END 


currentBest["pos"]:  [3, 19]
node {'pos': [3, 19], 'status': 'closed', 'g': 8, 'collision': 0}
first loop  0
u:  -1 newPos[i]:  2
newPos:  [2, 19] nodeName:  -3-19-
u:  1 newPos[i]:  4
END 


first loop  1
u:  -1 newPos[i]:  18
u:  1 newPos[i]:  20
END 


currentBest["pos"]:  [3, 2]
node {'pos': [3, 2], 'status': 'closed', 'g': 25, 'collision': 0}
first loop  0
u:  -1 newPos[i]:  2
newPos:  [2, 2] nodeName:  -3-2-
u:  1 newPos[i]:  4
END 


first loop  1
u:  -1 newPos[i]:  1
newPos:  [3, 1] nodeName:  -3-2-
u:  1 newPos[i]:  3
END 


DiGraph with 182 nodes and 181 edges
