currenBestName-10-20-
currentBest["pos"]:  [10, 20]
node {'pos': [10, 20], 'status': 'closed', 'g': 0, 'collision': 0}
first loop  0
u:  -2 newPos[i]:  8
newPos:  [8, 20] nodeName:  -10-20-
u:  2 newPos[i]:  12
newPos:  [12, 20] nodeName:  -10-20-
END 


first loop  1
u:  -2 newPos[i]:  18
newPos:  [10, 18] nodeName:  -10-20-
u:  2 newPos[i]:  22
newPos:  [10, 22] nodeName:  -10-20-
END 


currentBest["pos"]:  [10, 18]
node {'pos': [10, 18], 'status': 'closed', 'g': 1, 'collision': 0}
first loop  0
u:  -2 newPos[i]:  8
newPos:  [8, 18] nodeName:  -10-18-
u:  2 newPos[i]:  12
newPos:  [12, 18] nodeName:  -10-18-
END 


first loop  1
u:  -2 newPos[i]:  16
newPos:  [10, 16] nodeName:  -10-18-
u:  2 newPos[i]:  20
END 


currentBest["pos"]:  [10, 16]
node {'pos': [10, 16], 'status': 'closed', 'g': 2, 'collision': 0}
first loop  0
u:  -2 newPos[i]:  8
newPos:  [8, 16] nodeName:  -10-16-
u:  2 newPos[i]:  12
newPos:  [12, 16] nodeName:  -10-16-
END 


first loop  1
u:  -2 newPos[i]:  14
newPos:  [10, 14] nodeName:  -10-16-
u:  2 newPos[i]:  18
END 


currentBest["pos"]:  [10, 14]
node {'pos': [10, 14], 'status': 'closed', 'g': 3, 'collision': 0}
first loop  0
u:  -2 newPos[i]:  8
newPos:  [8, 14] nodeName:  -10-14-
u:  2 newPos[i]:  12
newPos:  [12, 14] nodeName:  -10-14-
END 


first loop  1
u:  -2 newPos[i]:  12
newPos:  [10, 12] nodeName:  -10-14-
u:  2 newPos[i]:  16
END 


currentBest["pos"]:  [10, 12]
node {'pos': [10, 12], 'status': 'closed', 'g': 4, 'collision': 0}
first loop  0
u:  -2 newPos[i]:  8
newPos:  [8, 12] nodeName:  -10-12-
u:  2 newPos[i]:  12
newPos:  [12, 12] nodeName:  -10-12-
END 


first loop  1
u:  -2 newPos[i]:  10
newPos:  [10, 10] nodeName:  -10-12-
u:  2 newPos[i]:  14
END 


currentBest["pos"]:  [10, 10]
node {'pos': [10, 10], 'status': 'closed', 'g': 5, 'collision': 0}
first loop  0
u:  -2 newPos[i]:  8
newPos:  [8, 10] nodeName:  -10-10-
u:  2 newPos[i]:  12
newPos:  [12, 10] nodeName:  -10-10-
END 


first loop  1
u:  -2 newPos[i]:  8
newPos:  [10, 8] nodeName:  -10-10-
u:  2 newPos[i]:  12
END 


currentBest["pos"]:  [10, 8]
currentBest["pos"]:  [8, 10]
node {'pos': [8, 10], 'status': 'closed', 'g': 6, 'collision': 0}
first loop  0
u:  -2 newPos[i]:  6
newPos:  [6, 10] nodeName:  -8-10-
u:  2 newPos[i]:  10
END 


first loop  1
u:  -2 newPos[i]:  8
newPos:  [8, 8] nodeName:  -8-10-
u:  2 newPos[i]:  12
END 


currentBest["pos"]:  [8, 8]
currentBest["pos"]:  [6, 10]
currentBest["pos"]:  [8, 12]
node {'pos': [8, 12], 'status': 'closed', 'g': 5, 'collision': 0}
first loop  0
u:  -2 newPos[i]:  6
newPos:  [6, 12] nodeName:  -8-12-
u:  2 newPos[i]:  10
END 


first loop  1
u:  -2 newPos[i]:  10
u:  2 newPos[i]:  14
END 


currentBest["pos"]:  [6, 12]
currentBest["pos"]:  [8, 14]
node {'pos': [8, 14], 'status': 'closed', 'g': 4, 'collision': 0}
first loop  0
u:  -2 newPos[i]:  6
newPos:  [6, 14] nodeName:  -8-14-
u:  2 newPos[i]:  10
END 


first loop  1
u:  -2 newPos[i]:  12
u:  2 newPos[i]:  16
END 


currentBest["pos"]:  [6, 14]
currentBest["pos"]:  [12, 10]
node {'pos': [12, 10], 'status': 'closed', 'g': 6, 'collision': 0}
first loop  0
u:  -2 newPos[i]:  10
u:  2 newPos[i]:  14
newPos:  [14, 10] nodeName:  -12-10-
END 


first loop  1
u:  -2 newPos[i]:  8
newPos:  [12, 8] nodeName:  -12-10-
u:  2 newPos[i]:  12
END 


currentBest["pos"]:  [12, 8]
currentBest["pos"]:  [8, 16]
node {'pos': [8, 16], 'status': 'closed', 'g': 3, 'collision': 0}
first loop  0
u:  -2 newPos[i]:  6
newPos:  [6, 16] nodeName:  -8-16-
u:  2 newPos[i]:  10
END 


first loop  1
u:  -2 newPos[i]:  14
u:  2 newPos[i]:  18
END 


currentBest["pos"]:  [12, 12]
node {'pos': [12, 12], 'status': 'closed', 'g': 5, 'collision': 0}
first loop  0
u:  -2 newPos[i]:  10
u:  2 newPos[i]:  14
newPos:  [14, 12] nodeName:  -12-12-
END 


first loop  1
u:  -2 newPos[i]:  10
u:  2 newPos[i]:  14
END 


currentBest["pos"]:  [6, 16]
currentBest["pos"]:  [8, 18]
node {'pos': [8, 18], 'status': 'closed', 'g': 2, 'collision': 0}
first loop  0
u:  -2 newPos[i]:  6
newPos:  [6, 18] nodeName:  -8-18-
u:  2 newPos[i]:  10
END 


first loop  1
u:  -2 newPos[i]:  16
u:  2 newPos[i]:  20
END 


currentBest["pos"]:  [12, 14]
node {'pos': [12, 14], 'status': 'closed', 'g': 4, 'collision': 0}
first loop  0
u:  -2 newPos[i]:  10
u:  2 newPos[i]:  14
newPos:  [14, 14] nodeName:  -12-14-
END 


first loop  1
u:  -2 newPos[i]:  12
u:  2 newPos[i]:  16
END 


currentBest["pos"]:  [6, 18]
currentBest["pos"]:  [12, 16]
node {'pos': [12, 16], 'status': 'closed', 'g': 3, 'collision': 0}
first loop  0
u:  -2 newPos[i]:  10
u:  2 newPos[i]:  14
newPos:  [14, 16] nodeName:  -12-16-
END 


first loop  1
u:  -2 newPos[i]:  14
u:  2 newPos[i]:  18
END 


currentBest["pos"]:  [8, 20]
node {'pos': [8, 20], 'status': 'closed', 'g': 1, 'collision': 0}
first loop  0
u:  -2 newPos[i]:  6
newPos:  [6, 20] nodeName:  -8-20-
u:  2 newPos[i]:  10
END 


first loop  1
u:  -2 newPos[i]:  18
u:  2 newPos[i]:  22
newPos:  [8, 22] nodeName:  -8-20-
END 


currentBest["pos"]:  [14, 10]
node {'pos': [14, 10], 'status': 'closed', 'g': 7, 'collision': 0}
first loop  0
u:  -2 newPos[i]:  12
u:  2 newPos[i]:  16
newPos:  [16, 10] nodeName:  -14-10-
END 


first loop  1
u:  -2 newPos[i]:  8
newPos:  [14, 8] nodeName:  -14-10-
u:  2 newPos[i]:  12
END 


currentBest["pos"]:  [14, 8]
currentBest["pos"]:  [12, 18]
node {'pos': [12, 18], 'status': 'closed', 'g': 2, 'collision': 0}
first loop  0
u:  -2 newPos[i]:  10
u:  2 newPos[i]:  14
newPos:  [14, 18] nodeName:  -12-18-
END 


first loop  1
u:  -2 newPos[i]:  16
u:  2 newPos[i]:  20
END 


currentBest["pos"]:  [6, 20]
node {'pos': [6, 20], 'status': 'closed', 'g': 2, 'collision': 0}
first loop  0
u:  -2 newPos[i]:  4
newPos:  [4, 20] nodeName:  -6-20-
u:  2 newPos[i]:  8
END 


first loop  1
u:  -2 newPos[i]:  18
u:  2 newPos[i]:  22
newPos:  [6, 22] nodeName:  -6-20-
END 


currentBest["pos"]:  [14, 12]
node {'pos': [14, 12], 'status': 'closed', 'g': 6, 'collision': 0}
first loop  0
u:  -2 newPos[i]:  12
u:  2 newPos[i]:  16
newPos:  [16, 12] nodeName:  -14-12-
END 


first loop  1
u:  -2 newPos[i]:  10
u:  2 newPos[i]:  14
END 


currentBest["pos"]:  [12, 20]
node {'pos': [12, 20], 'status': 'closed', 'g': 1, 'collision': 0}
first loop  0
u:  -2 newPos[i]:  10
u:  2 newPos[i]:  14
newPos:  [14, 20] nodeName:  -12-20-
END 


first loop  1
u:  -2 newPos[i]:  18
u:  2 newPos[i]:  22
newPos:  [12, 22] nodeName:  -12-20-
END 


currentBest["pos"]:  [4, 20]
node {'pos': [4, 20], 'status': 'closed', 'g': 3, 'collision': 0}
first loop  0
u:  -2 newPos[i]:  2
newPos:  [2, 20] nodeName:  -4-20-
u:  2 newPos[i]:  6
END 


first loop  1
u:  -2 newPos[i]:  18
newPos:  [4, 18] nodeName:  -4-20-
u:  2 newPos[i]:  22
newPos:  [4, 22] nodeName:  -4-20-
END 


currentBest["pos"]:  [4, 18]
node {'pos': [4, 18], 'status': 'closed', 'g': 4, 'collision': 0}
first loop  0
u:  -2 newPos[i]:  2
newPos:  [2, 18] nodeName:  -4-18-
u:  2 newPos[i]:  6
END 


first loop  1
u:  -2 newPos[i]:  16
newPos:  [4, 16] nodeName:  -4-18-
u:  2 newPos[i]:  20
END 


currentBest["pos"]:  [4, 16]
node {'pos': [4, 16], 'status': 'closed', 'g': 5, 'collision': 0}
first loop  0
u:  -2 newPos[i]:  2
newPos:  [2, 16] nodeName:  -4-16-
u:  2 newPos[i]:  6
END 


first loop  1
u:  -2 newPos[i]:  14
newPos:  [4, 14] nodeName:  -4-16-
u:  2 newPos[i]:  18
END 


currentBest["pos"]:  [4, 14]
node {'pos': [4, 14], 'status': 'closed', 'g': 6, 'collision': 0}
first loop  0
u:  -2 newPos[i]:  2
newPos:  [2, 14] nodeName:  -4-14-
u:  2 newPos[i]:  6
END 


first loop  1
u:  -2 newPos[i]:  12
newPos:  [4, 12] nodeName:  -4-14-
u:  2 newPos[i]:  16
END 


currentBest["pos"]:  [4, 12]
node {'pos': [4, 12], 'status': 'closed', 'g': 7, 'collision': 0}
first loop  0
u:  -2 newPos[i]:  2
newPos:  [2, 12] nodeName:  -4-12-
u:  2 newPos[i]:  6
END 


first loop  1
u:  -2 newPos[i]:  10
newPos:  [4, 10] nodeName:  -4-12-
u:  2 newPos[i]:  14
END 


currentBest["pos"]:  [4, 10]
node {'pos': [4, 10], 'status': 'closed', 'g': 8, 'collision': 0}
first loop  0
u:  -2 newPos[i]:  2
newPos:  [2, 10] nodeName:  -4-10-
u:  2 newPos[i]:  6
END 


first loop  1
u:  -2 newPos[i]:  8
newPos:  [4, 8] nodeName:  -4-10-
u:  2 newPos[i]:  12
END 


currentBest["pos"]:  [4, 8]
node {'pos': [4, 8], 'status': 'closed', 'g': 9, 'collision': 0}
first loop  0
u:  -2 newPos[i]:  2
newPos:  [2, 8] nodeName:  -4-8-
u:  2 newPos[i]:  6
newPos:  [6, 8] nodeName:  -4-8-
END 


first loop  1
u:  -2 newPos[i]:  6
newPos:  [4, 6] nodeName:  -4-8-
u:  2 newPos[i]:  10
END 


currentBest["pos"]:  [4, 6]
node {'pos': [4, 6], 'status': 'closed', 'g': 10, 'collision': 0}
first loop  0
u:  -2 newPos[i]:  2
newPos:  [2, 6] nodeName:  -4-6-
u:  2 newPos[i]:  6
newPos:  [6, 6] nodeName:  -4-6-
END 


first loop  1
u:  -2 newPos[i]:  4
newPos:  [4, 4] nodeName:  -4-6-
u:  2 newPos[i]:  8
END 


currentBest["pos"]:  [4, 4]
node {'pos': [4, 4], 'status': 'closed', 'g': 11, 'collision': 0}
first loop  0
u:  -2 newPos[i]:  2
newPos:  [2, 4] nodeName:  -4-4-
u:  2 newPos[i]:  6
newPos:  [6, 4] nodeName:  -4-4-
END 


first loop  1
u:  -2 newPos[i]:  2
newPos:  [4, 2] nodeName:  -4-4-
u:  2 newPos[i]:  6
END 


currentBest["pos"]:  [4, 2]
node {'pos': [4, 2], 'status': 'closed', 'g': 12, 'collision': 0}
first loop  0
u:  -2 newPos[i]:  2
newPos:  [2, 2] nodeName:  -4-2-
u:  2 newPos[i]:  6
newPos:  [6, 2] nodeName:  -4-2-
END 


first loop  1
u:  -2 newPos[i]:  0
newPos:  [4, 0] nodeName:  -4-2-
u:  2 newPos[i]:  4
END 


currentBest["pos"]:  [2, 2]
node {'pos': [2, 2], 'status': 'closed', 'g': 13, 'collision': 0}
first loop  0
u:  -2 newPos[i]:  0
newPos:  [0, 2] nodeName:  -2-2-
u:  2 newPos[i]:  4
END 


first loop  1
u:  -2 newPos[i]:  0
newPos:  [2, 0] nodeName:  -2-2-
u:  2 newPos[i]:  4
END 


currentBest["pos"]:  [4, 0]
node {'pos': [4, 0], 'status': 'closed', 'g': 13, 'collision': 0}
first loop  0
u:  -2 newPos[i]:  2
u:  2 newPos[i]:  6
newPos:  [6, 0] nodeName:  -4-0-
END 


first loop  1
u:  -2 newPos[i]:  -2
u:  2 newPos[i]:  2
END 


currentBest["pos"]:  [2, 4]
node {'pos': [2, 4], 'status': 'closed', 'g': 12, 'collision': 0}
first loop  0
u:  -2 newPos[i]:  0
newPos:  [0, 4] nodeName:  -2-4-
u:  2 newPos[i]:  4
END 


first loop  1
u:  -2 newPos[i]:  2
u:  2 newPos[i]:  6
END 


currentBest["pos"]:  [2, 0]
node {'pos': [2, 0], 'status': 'closed', 'g': 14, 'collision': 0}
first loop  0
u:  -2 newPos[i]:  0
newPos:  [0, 0] nodeName:  -2-0-
u:  2 newPos[i]:  4
END 


first loop  1
u:  -2 newPos[i]:  -2
u:  2 newPos[i]:  2
END 


currentBest["pos"]:  [2, 6]
node {'pos': [2, 6], 'status': 'closed', 'g': 11, 'collision': 0}
first loop  0
u:  -2 newPos[i]:  0
newPos:  [0, 6] nodeName:  -2-6-
u:  2 newPos[i]:  4
END 


first loop  1
u:  -2 newPos[i]:  4
u:  2 newPos[i]:  8
END 


currentBest["pos"]:  [6, 2]
node {'pos': [6, 2], 'status': 'closed', 'g': 13, 'collision': 0}
first loop  0
u:  -2 newPos[i]:  4
u:  2 newPos[i]:  8
newPos:  [8, 2] nodeName:  -6-2-
END 


first loop  1
u:  -2 newPos[i]:  0
u:  2 newPos[i]:  4
END 


currentBest["pos"]:  [6, 4]
node {'pos': [6, 4], 'status': 'closed', 'g': 12, 'collision': 0}
first loop  0
u:  -2 newPos[i]:  4
u:  2 newPos[i]:  8
newPos:  [8, 4] nodeName:  -6-4-
END 


first loop  1
u:  -2 newPos[i]:  2
u:  2 newPos[i]:  6
END 


currentBest["pos"]:  [6, 6]
node {'pos': [6, 6], 'status': 'closed', 'g': 11, 'collision': 0}
first loop  0
u:  -2 newPos[i]:  4
u:  2 newPos[i]:  8
newPos:  [8, 6] nodeName:  -6-6-
END 


first loop  1
u:  -2 newPos[i]:  4
u:  2 newPos[i]:  8
END 


currentBest["pos"]:  [2, 8]
node {'pos': [2, 8], 'status': 'closed', 'g': 10, 'collision': 0}
first loop  0
u:  -2 newPos[i]:  0
newPos:  [0, 8] nodeName:  -2-8-
u:  2 newPos[i]:  4
END 


first loop  1
u:  -2 newPos[i]:  6
u:  2 newPos[i]:  10
END 


currentBest["pos"]:  [0, 2]
node {'pos': [0, 2], 'status': 'closed', 'g': 14, 'collision': 0}
first loop  0
u:  -2 newPos[i]:  -2
u:  2 newPos[i]:  2
END 


first loop  1
u:  -2 newPos[i]:  0
u:  2 newPos[i]:  4
END 


currentBest["pos"]:  [6, 0]
node {'pos': [6, 0], 'status': 'closed', 'g': 14, 'collision': 0}
first loop  0
u:  -2 newPos[i]:  4
u:  2 newPos[i]:  8
newPos:  [8, 0] nodeName:  -6-0-
END 


first loop  1
u:  -2 newPos[i]:  -2
u:  2 newPos[i]:  2
END 


currentBest["pos"]:  [0, 4]
node {'pos': [0, 4], 'status': 'closed', 'g': 13, 'collision': 0}
first loop  0
u:  -2 newPos[i]:  -2
u:  2 newPos[i]:  2
END 


first loop  1
u:  -2 newPos[i]:  2
u:  2 newPos[i]:  6
END 


currentBest["pos"]:  [6, 8]
currentBest["pos"]:  [0, 6]
node {'pos': [0, 6], 'status': 'closed', 'g': 12, 'collision': 0}
first loop  0
u:  -2 newPos[i]:  -2
u:  2 newPos[i]:  2
END 


first loop  1
u:  -2 newPos[i]:  4
u:  2 newPos[i]:  8
END 


currentBest["pos"]:  [2, 10]
node {'pos': [2, 10], 'status': 'closed', 'g': 9, 'collision': 0}
first loop  0
u:  -2 newPos[i]:  0
newPos:  [0, 10] nodeName:  -2-10-
u:  2 newPos[i]:  4
END 


first loop  1
u:  -2 newPos[i]:  8
u:  2 newPos[i]:  12
END 


currentBest["pos"]:  [0, 0]
node {'pos': [0, 0], 'status': 'closed', 'g': 15, 'collision': 0}
first loop  0
u:  -2 newPos[i]:  -2
u:  2 newPos[i]:  2
END 


first loop  1
u:  -2 newPos[i]:  -2
u:  2 newPos[i]:  2
END 


currentBest["pos"]:  [0, 8]
node {'pos': [0, 8], 'status': 'closed', 'g': 11, 'collision': 0}
first loop  0
u:  -2 newPos[i]:  -2
u:  2 newPos[i]:  2
END 


first loop  1
u:  -2 newPos[i]:  6
u:  2 newPos[i]:  10
END 


currentBest["pos"]:  [8, 4]
node {'pos': [8, 4], 'status': 'closed', 'g': 13, 'collision': 0}
first loop  0
u:  -2 newPos[i]:  6
u:  2 newPos[i]:  10
newPos:  [10, 4] nodeName:  -8-4-
END 


first loop  1
u:  -2 newPos[i]:  2
u:  2 newPos[i]:  6
END 


currentBest["pos"]:  [2, 12]
node {'pos': [2, 12], 'status': 'closed', 'g': 8, 'collision': 0}
first loop  0
u:  -2 newPos[i]:  0
newPos:  [0, 12] nodeName:  -2-12-
u:  2 newPos[i]:  4
END 


first loop  1
u:  -2 newPos[i]:  10
u:  2 newPos[i]:  14
END 


currentBest["pos"]:  [8, 6]
node {'pos': [8, 6], 'status': 'closed', 'g': 12, 'collision': 0}
first loop  0
u:  -2 newPos[i]:  6
u:  2 newPos[i]:  10
newPos:  [10, 6] nodeName:  -8-6-
END 


first loop  1
u:  -2 newPos[i]:  4
u:  2 newPos[i]:  8
END 


currentBest["pos"]:  [8, 2]
node {'pos': [8, 2], 'status': 'closed', 'g': 14, 'collision': 0}
first loop  0
u:  -2 newPos[i]:  6
u:  2 newPos[i]:  10
newPos:  [10, 2] nodeName:  -8-2-
END 


first loop  1
u:  -2 newPos[i]:  0
u:  2 newPos[i]:  4
END 


currentBest["pos"]:  [0, 10]
node {'pos': [0, 10], 'status': 'closed', 'g': 10, 'collision': 0}
first loop  0
u:  -2 newPos[i]:  -2
u:  2 newPos[i]:  2
END 


first loop  1
u:  -2 newPos[i]:  8
u:  2 newPos[i]:  12
END 


currentBest["pos"]:  [2, 14]
node {'pos': [2, 14], 'status': 'closed', 'g': 7, 'collision': 0}
first loop  0
u:  -2 newPos[i]:  0
newPos:  [0, 14] nodeName:  -2-14-
u:  2 newPos[i]:  4
END 


first loop  1
u:  -2 newPos[i]:  12
u:  2 newPos[i]:  16
END 


currentBest["pos"]:  [8, 0]
node {'pos': [8, 0], 'status': 'closed', 'g': 15, 'collision': 0}
first loop  0
u:  -2 newPos[i]:  6
u:  2 newPos[i]:  10
newPos:  [10, 0] nodeName:  -8-0-
END 


first loop  1
u:  -2 newPos[i]:  -2
u:  2 newPos[i]:  2
END 


currentBest["pos"]:  [0, 12]
node {'pos': [0, 12], 'status': 'closed', 'g': 9, 'collision': 0}
first loop  0
u:  -2 newPos[i]:  -2
u:  2 newPos[i]:  2
END 


first loop  1
u:  -2 newPos[i]:  10
u:  2 newPos[i]:  14
END 


currentBest["pos"]:  [2, 16]
node {'pos': [2, 16], 'status': 'closed', 'g': 6, 'collision': 0}
first loop  0
u:  -2 newPos[i]:  0
newPos:  [0, 16] nodeName:  -2-16-
u:  2 newPos[i]:  4
END 


first loop  1
u:  -2 newPos[i]:  14
u:  2 newPos[i]:  18
END 


currentBest["pos"]:  [0, 14]
node {'pos': [0, 14], 'status': 'closed', 'g': 8, 'collision': 0}
first loop  0
u:  -2 newPos[i]:  -2
u:  2 newPos[i]:  2
END 


first loop  1
u:  -2 newPos[i]:  12
u:  2 newPos[i]:  16
END 


currentBest["pos"]:  [10, 6]
node {'pos': [10, 6], 'status': 'closed', 'g': 13, 'collision': 0}
first loop  0
u:  -2 newPos[i]:  8
u:  2 newPos[i]:  12
newPos:  [12, 6] nodeName:  -10-6-
END 


first loop  1
u:  -2 newPos[i]:  4
u:  2 newPos[i]:  8
END 


currentBest["pos"]:  [10, 4]
node {'pos': [10, 4], 'status': 'closed', 'g': 14, 'collision': 0}
first loop  0
u:  -2 newPos[i]:  8
u:  2 newPos[i]:  12
newPos:  [12, 4] nodeName:  -10-4-
END 


first loop  1
u:  -2 newPos[i]:  2
u:  2 newPos[i]:  6
END 


currentBest["pos"]:  [14, 14]
node {'pos': [14, 14], 'status': 'closed', 'g': 5, 'collision': 0}
first loop  0
u:  -2 newPos[i]:  12
u:  2 newPos[i]:  16
newPos:  [16, 14] nodeName:  -14-14-
END 


first loop  1
u:  -2 newPos[i]:  12
u:  2 newPos[i]:  16
END 


currentBest["pos"]:  [2, 18]
node {'pos': [2, 18], 'status': 'closed', 'g': 5, 'collision': 0}
first loop  0
u:  -2 newPos[i]:  0
newPos:  [0, 18] nodeName:  -2-18-
u:  2 newPos[i]:  4
END 


first loop  1
u:  -2 newPos[i]:  16
u:  2 newPos[i]:  20
END 


currentBest["pos"]:  [10, 2]
node {'pos': [10, 2], 'status': 'closed', 'g': 15, 'collision': 0}
first loop  0
u:  -2 newPos[i]:  8
u:  2 newPos[i]:  12
newPos:  [12, 2] nodeName:  -10-2-
END 


first loop  1
u:  -2 newPos[i]:  0
u:  2 newPos[i]:  4
END 


currentBest["pos"]:  [0, 16]
node {'pos': [0, 16], 'status': 'closed', 'g': 7, 'collision': 0}
first loop  0
u:  -2 newPos[i]:  -2
u:  2 newPos[i]:  2
END 


first loop  1
u:  -2 newPos[i]:  14
u:  2 newPos[i]:  18
END 


currentBest["pos"]:  [14, 16]
node {'pos': [14, 16], 'status': 'closed', 'g': 4, 'collision': 0}
first loop  0
u:  -2 newPos[i]:  12
u:  2 newPos[i]:  16
newPos:  [16, 16] nodeName:  -14-16-
END 


first loop  1
u:  -2 newPos[i]:  14
u:  2 newPos[i]:  18
END 


currentBest["pos"]:  [2, 20]
node {'pos': [2, 20], 'status': 'closed', 'g': 4, 'collision': 0}
first loop  0
u:  -2 newPos[i]:  0
newPos:  [0, 20] nodeName:  -2-20-
u:  2 newPos[i]:  4
END 


first loop  1
u:  -2 newPos[i]:  18
u:  2 newPos[i]:  22
newPos:  [2, 22] nodeName:  -2-20-
END 


currentBest["pos"]:  [10, 0]
node {'pos': [10, 0], 'status': 'closed', 'g': 16, 'collision': 0}
first loop  0
u:  -2 newPos[i]:  8
u:  2 newPos[i]:  12
newPos:  [12, 0] nodeName:  -10-0-
END 


first loop  1
u:  -2 newPos[i]:  -2
u:  2 newPos[i]:  2
END 


currentBest["pos"]:  [10, 22]
node {'pos': [10, 22], 'status': 'closed', 'g': 1, 'collision': 0}
first loop  0
u:  -2 newPos[i]:  8
u:  2 newPos[i]:  12
END 


first loop  1
u:  -2 newPos[i]:  20
u:  2 newPos[i]:  24
END 


currentBest["pos"]:  [14, 18]
node {'pos': [14, 18], 'status': 'closed', 'g': 3, 'collision': 0}
first loop  0
u:  -2 newPos[i]:  12
u:  2 newPos[i]:  16
newPos:  [16, 18] nodeName:  -14-18-
END 


first loop  1
u:  -2 newPos[i]:  16
u:  2 newPos[i]:  20
END 


currentBest["pos"]:  [0, 18]
node {'pos': [0, 18], 'status': 'closed', 'g': 6, 'collision': 0}
first loop  0
u:  -2 newPos[i]:  -2
u:  2 newPos[i]:  2
END 


first loop  1
u:  -2 newPos[i]:  16
u:  2 newPos[i]:  20
END 


currentBest["pos"]:  [8, 22]
node {'pos': [8, 22], 'status': 'closed', 'g': 2, 'collision': 0}
first loop  0
u:  -2 newPos[i]:  6
u:  2 newPos[i]:  10
END 


first loop  1
u:  -2 newPos[i]:  20
u:  2 newPos[i]:  24
END 


currentBest["pos"]:  [16, 10]
currentBest["pos"]:  [14, 20]
node {'pos': [14, 20], 'status': 'closed', 'g': 2, 'collision': 0}
first loop  0
u:  -2 newPos[i]:  12
u:  2 newPos[i]:  16
newPos:  [16, 20] nodeName:  -14-20-
END 


first loop  1
u:  -2 newPos[i]:  18
u:  2 newPos[i]:  22
newPos:  [14, 22] nodeName:  -14-20-
END 


currentBest["pos"]:  [16, 12]
currentBest["pos"]:  [6, 22]
node {'pos': [6, 22], 'status': 'closed', 'g': 3, 'collision': 0}
first loop  0
u:  -2 newPos[i]:  4
u:  2 newPos[i]:  8
END 


first loop  1
u:  -2 newPos[i]:  20
u:  2 newPos[i]:  24
END 


currentBest["pos"]:  [0, 20]
node {'pos': [0, 20], 'status': 'closed', 'g': 5, 'collision': 0}
first loop  0
u:  -2 newPos[i]:  -2
u:  2 newPos[i]:  2
END 


first loop  1
u:  -2 newPos[i]:  18
u:  2 newPos[i]:  22
newPos:  [0, 22] nodeName:  -0-20-
END 


currentBest["pos"]:  [12, 6]
node {'pos': [12, 6], 'status': 'closed', 'g': 14, 'collision': 0}
first loop  0
u:  -2 newPos[i]:  10
u:  2 newPos[i]:  14
newPos:  [14, 6] nodeName:  -12-6-
END 


first loop  1
u:  -2 newPos[i]:  4
u:  2 newPos[i]:  8
END 


currentBest["pos"]:  [16, 14]
currentBest["pos"]:  [12, 4]
node {'pos': [12, 4], 'status': 'closed', 'g': 15, 'collision': 0}
first loop  0
u:  -2 newPos[i]:  10
u:  2 newPos[i]:  14
newPos:  [14, 4] nodeName:  -12-4-
END 


first loop  1
u:  -2 newPos[i]:  2
u:  2 newPos[i]:  6
END 


currentBest["pos"]:  [12, 22]
node {'pos': [12, 22], 'status': 'closed', 'g': 2, 'collision': 0}
first loop  0
u:  -2 newPos[i]:  10
u:  2 newPos[i]:  14
END 


first loop  1
u:  -2 newPos[i]:  20
u:  2 newPos[i]:  24
END 


currentBest["pos"]:  [16, 16]
currentBest["pos"]:  [4, 22]
node {'pos': [4, 22], 'status': 'closed', 'g': 4, 'collision': 0}
first loop  0
u:  -2 newPos[i]:  2
u:  2 newPos[i]:  6
END 


first loop  1
u:  -2 newPos[i]:  20
u:  2 newPos[i]:  24
END 


currentBest["pos"]:  [12, 2]
node {'pos': [12, 2], 'status': 'closed', 'g': 16, 'collision': 0}
first loop  0
u:  -2 newPos[i]:  10
u:  2 newPos[i]:  14
newPos:  [14, 2] nodeName:  -12-2-
END 


first loop  1
u:  -2 newPos[i]:  0
u:  2 newPos[i]:  4
END 


currentBest["pos"]:  [16, 18]
currentBest["pos"]:  [16, 20]
node {'pos': [16, 20], 'status': 'closed', 'g': 3, 'collision': 0}
first loop  0
u:  -2 newPos[i]:  14
u:  2 newPos[i]:  18
newPos:  [18, 20] nodeName:  -16-20-
END 


first loop  1
u:  -2 newPos[i]:  18
u:  2 newPos[i]:  22
newPos:  [16, 22] nodeName:  -16-20-
END 


currentBest["pos"]:  [2, 22]
node {'pos': [2, 22], 'status': 'closed', 'g': 5, 'collision': 0}
first loop  0
u:  -2 newPos[i]:  0
u:  2 newPos[i]:  4
END 


first loop  1
u:  -2 newPos[i]:  20
u:  2 newPos[i]:  24
END 


currentBest["pos"]:  [12, 0]
node {'pos': [12, 0], 'status': 'closed', 'g': 17, 'collision': 0}
first loop  0
u:  -2 newPos[i]:  10
u:  2 newPos[i]:  14
newPos:  [14, 0] nodeName:  -12-0-
END 


first loop  1
u:  -2 newPos[i]:  -2
u:  2 newPos[i]:  2
END 


currentBest["pos"]:  [14, 22]
node {'pos': [14, 22], 'status': 'closed', 'g': 3, 'collision': 0}
first loop  0
u:  -2 newPos[i]:  12
u:  2 newPos[i]:  16
END 


first loop  1
u:  -2 newPos[i]:  20
u:  2 newPos[i]:  24
END 


currentBest["pos"]:  [14, 6]
node {'pos': [14, 6], 'status': 'closed', 'g': 15, 'collision': 0}
first loop  0
u:  -2 newPos[i]:  12
u:  2 newPos[i]:  16
newPos:  [16, 6] nodeName:  -14-6-
END 


first loop  1
u:  -2 newPos[i]:  4
u:  2 newPos[i]:  8
END 


currentBest["pos"]:  [0, 22]
node {'pos': [0, 22], 'status': 'closed', 'g': 6, 'collision': 0}
first loop  0
u:  -2 newPos[i]:  -2
u:  2 newPos[i]:  2
END 


first loop  1
u:  -2 newPos[i]:  20
u:  2 newPos[i]:  24
END 


currentBest["pos"]:  [14, 4]
node {'pos': [14, 4], 'status': 'closed', 'g': 16, 'collision': 0}
first loop  0
u:  -2 newPos[i]:  12
u:  2 newPos[i]:  16
newPos:  [16, 4] nodeName:  -14-4-
END 


first loop  1
u:  -2 newPos[i]:  2
u:  2 newPos[i]:  6
END 


currentBest["pos"]:  [14, 2]
node {'pos': [14, 2], 'status': 'closed', 'g': 17, 'collision': 0}
first loop  0
u:  -2 newPos[i]:  12
u:  2 newPos[i]:  16
newPos:  [16, 2] nodeName:  -14-2-
END 


first loop  1
u:  -2 newPos[i]:  0
u:  2 newPos[i]:  4
END 


currentBest["pos"]:  [18, 20]
node {'pos': [18, 20], 'status': 'closed', 'g': 4, 'collision': 0}
first loop  0
u:  -2 newPos[i]:  16
u:  2 newPos[i]:  20
newPos:  [20, 20] nodeName:  -18-20-
END 


first loop  1
u:  -2 newPos[i]:  18
newPos:  [18, 18] nodeName:  -18-20-
u:  2 newPos[i]:  22
newPos:  [18, 22] nodeName:  -18-20-
END 


currentBest["pos"]:  [18, 18]
node {'pos': [18, 18], 'status': 'closed', 'g': 5, 'collision': 0}
first loop  0
u:  -2 newPos[i]:  16
u:  2 newPos[i]:  20
newPos:  [20, 18] nodeName:  -18-18-
END 


first loop  1
u:  -2 newPos[i]:  16
newPos:  [18, 16] nodeName:  -18-18-
u:  2 newPos[i]:  20
END 


currentBest["pos"]:  [18, 16]
node {'pos': [18, 16], 'status': 'closed', 'g': 6, 'collision': 0}
first loop  0
u:  -2 newPos[i]:  16
u:  2 newPos[i]:  20
newPos:  [20, 16] nodeName:  -18-16-
END 


first loop  1
u:  -2 newPos[i]:  14
newPos:  [18, 14] nodeName:  -18-16-
u:  2 newPos[i]:  18
END 


currentBest["pos"]:  [18, 14]
node {'pos': [18, 14], 'status': 'closed', 'g': 7, 'collision': 0}
first loop  0
u:  -2 newPos[i]:  16
u:  2 newPos[i]:  20
newPos:  [20, 14] nodeName:  -18-14-
END 


first loop  1
u:  -2 newPos[i]:  12
newPos:  [18, 12] nodeName:  -18-14-
u:  2 newPos[i]:  16
END 


currentBest["pos"]:  [18, 12]
node {'pos': [18, 12], 'status': 'closed', 'g': 8, 'collision': 0}
first loop  0
u:  -2 newPos[i]:  16
u:  2 newPos[i]:  20
newPos:  [20, 12] nodeName:  -18-12-
END 


first loop  1
u:  -2 newPos[i]:  10
newPos:  [18, 10] nodeName:  -18-12-
u:  2 newPos[i]:  14
END 


currentBest["pos"]:  [18, 10]
node {'pos': [18, 10], 'status': 'closed', 'g': 9, 'collision': 0}
first loop  0
u:  -2 newPos[i]:  16
u:  2 newPos[i]:  20
newPos:  [20, 10] nodeName:  -18-10-
END 


first loop  1
u:  -2 newPos[i]:  8
newPos:  [18, 8] nodeName:  -18-10-
u:  2 newPos[i]:  12
END 


currentBest["pos"]:  [18, 8]
node {'pos': [18, 8], 'status': 'closed', 'g': 10, 'collision': 0}
first loop  0
u:  -2 newPos[i]:  16
newPos:  [16, 8] nodeName:  -18-8-
u:  2 newPos[i]:  20
newPos:  [20, 8] nodeName:  -18-8-
END 


first loop  1
u:  -2 newPos[i]:  6
newPos:  [18, 6] nodeName:  -18-8-
u:  2 newPos[i]:  10
END 


currentBest["pos"]:  [16, 8]
currentBest["pos"]:  [18, 6]
node {'pos': [18, 6], 'status': 'closed', 'g': 11, 'collision': 0}
first loop  0
u:  -2 newPos[i]:  16
u:  2 newPos[i]:  20
newPos:  [20, 6] nodeName:  -18-6-
END 


first loop  1
u:  -2 newPos[i]:  4
newPos:  [18, 4] nodeName:  -18-6-
u:  2 newPos[i]:  8
END 


currentBest["pos"]:  [18, 4]
node {'pos': [18, 4], 'status': 'closed', 'g': 12, 'collision': 0}
first loop  0
u:  -2 newPos[i]:  16
u:  2 newPos[i]:  20
newPos:  [20, 4] nodeName:  -18-4-
END 


first loop  1
u:  -2 newPos[i]:  2
newPos:  [18, 2] nodeName:  -18-4-
u:  2 newPos[i]:  6
END 


currentBest["pos"]:  [18, 2]
node {'pos': [18, 2], 'status': 'closed', 'g': 13, 'collision': 0}
first loop  0
u:  -2 newPos[i]:  16
u:  2 newPos[i]:  20
newPos:  [20, 2] nodeName:  -18-2-
END 


first loop  1
u:  -2 newPos[i]:  0
newPos:  [18, 0] nodeName:  -18-2-
u:  2 newPos[i]:  4
END 


currentBest["pos"]:  [16, 22]
node {'pos': [16, 22], 'status': 'closed', 'g': 4, 'collision': 0}
first loop  0
u:  -2 newPos[i]:  14
u:  2 newPos[i]:  18
END 


first loop  1
u:  -2 newPos[i]:  20
u:  2 newPos[i]:  24
END 


currentBest["pos"]:  [18, 0]
node {'pos': [18, 0], 'status': 'closed', 'g': 14, 'collision': 0}
first loop  0
u:  -2 newPos[i]:  16
newPos:  [16, 0] nodeName:  -18-0-
u:  2 newPos[i]:  20
newPos:  [20, 0] nodeName:  -18-0-
END 


first loop  1
u:  -2 newPos[i]:  -2
u:  2 newPos[i]:  2
END 


currentBest["pos"]:  [16, 0]
node {'pos': [16, 0], 'status': 'closed', 'g': 15, 'collision': 0}
first loop  0
u:  -2 newPos[i]:  14
u:  2 newPos[i]:  18
END 


first loop  1
u:  -2 newPos[i]:  -2
u:  2 newPos[i]:  2
END 


currentBest["pos"]:  [14, 0]
node {'pos': [14, 0], 'status': 'closed', 'g': 18, 'collision': 0}
first loop  0
u:  -2 newPos[i]:  12
u:  2 newPos[i]:  16
END 


first loop  1
u:  -2 newPos[i]:  -2
u:  2 newPos[i]:  2
END 


currentBest["pos"]:  [20, 10]
node {'pos': [20, 10], 'status': 'closed', 'g': 10, 'collision': 0}
first loop  0
u:  -2 newPos[i]:  18
u:  2 newPos[i]:  22
newPos:  [22, 10] nodeName:  -20-10-
END 


first loop  1
u:  -2 newPos[i]:  8
u:  2 newPos[i]:  12
END 


currentBest["pos"]:  [20, 12]
node {'pos': [20, 12], 'status': 'closed', 'g': 9, 'collision': 0}
first loop  0
u:  -2 newPos[i]:  18
u:  2 newPos[i]:  22
newPos:  [22, 12] nodeName:  -20-12-
END 


first loop  1
u:  -2 newPos[i]:  10
u:  2 newPos[i]:  14
END 


currentBest["pos"]:  [20, 8]
node {'pos': [20, 8], 'status': 'closed', 'g': 11, 'collision': 0}
first loop  0
u:  -2 newPos[i]:  18
u:  2 newPos[i]:  22
newPos:  [22, 8] nodeName:  -20-8-
END 


first loop  1
u:  -2 newPos[i]:  6
u:  2 newPos[i]:  10
END 


currentBest["pos"]:  [20, 14]
node {'pos': [20, 14], 'status': 'closed', 'g': 8, 'collision': 0}
first loop  0
u:  -2 newPos[i]:  18
u:  2 newPos[i]:  22
newPos:  [22, 14] nodeName:  -20-14-
END 


first loop  1
u:  -2 newPos[i]:  12
u:  2 newPos[i]:  16
END 


currentBest["pos"]:  [20, 16]
node {'pos': [20, 16], 'status': 'closed', 'g': 7, 'collision': 0}
first loop  0
u:  -2 newPos[i]:  18
u:  2 newPos[i]:  22
newPos:  [22, 16] nodeName:  -20-16-
END 


first loop  1
u:  -2 newPos[i]:  14
u:  2 newPos[i]:  18
END 


currentBest["pos"]:  [20, 6]
node {'pos': [20, 6], 'status': 'closed', 'g': 12, 'collision': 0}
first loop  0
u:  -2 newPos[i]:  18
u:  2 newPos[i]:  22
newPos:  [22, 6] nodeName:  -20-6-
END 


first loop  1
u:  -2 newPos[i]:  4
u:  2 newPos[i]:  8
END 


currentBest["pos"]:  [16, 6]
node {'pos': [16, 6], 'status': 'closed', 'g': 16, 'collision': 0}
first loop  0
u:  -2 newPos[i]:  14
u:  2 newPos[i]:  18
END 


first loop  1
u:  -2 newPos[i]:  4
u:  2 newPos[i]:  8
END 


currentBest["pos"]:  [20, 18]
node {'pos': [20, 18], 'status': 'closed', 'g': 6, 'collision': 0}
first loop  0
u:  -2 newPos[i]:  18
u:  2 newPos[i]:  22
newPos:  [22, 18] nodeName:  -20-18-
END 


first loop  1
u:  -2 newPos[i]:  16
u:  2 newPos[i]:  20
END 


currentBest["pos"]:  [20, 4]
node {'pos': [20, 4], 'status': 'closed', 'g': 13, 'collision': 0}
first loop  0
u:  -2 newPos[i]:  18
u:  2 newPos[i]:  22
newPos:  [22, 4] nodeName:  -20-4-
END 


first loop  1
u:  -2 newPos[i]:  2
u:  2 newPos[i]:  6
END 


currentBest["pos"]:  [16, 4]
node {'pos': [16, 4], 'status': 'closed', 'g': 17, 'collision': 0}
first loop  0
u:  -2 newPos[i]:  14
u:  2 newPos[i]:  18
END 


first loop  1
u:  -2 newPos[i]:  2
u:  2 newPos[i]:  6
END 


currentBest["pos"]:  [20, 20]
node {'pos': [20, 20], 'status': 'closed', 'g': 5, 'collision': 0}
first loop  0
u:  -2 newPos[i]:  18
u:  2 newPos[i]:  22
newPos:  [22, 20] nodeName:  -20-20-
END 


first loop  1
u:  -2 newPos[i]:  18
u:  2 newPos[i]:  22
newPos:  [20, 22] nodeName:  -20-20-
END 


currentBest["pos"]:  [18, 22]
node {'pos': [18, 22], 'status': 'closed', 'g': 5, 'collision': 0}
first loop  0
u:  -2 newPos[i]:  16
u:  2 newPos[i]:  20
END 


first loop  1
u:  -2 newPos[i]:  20
u:  2 newPos[i]:  24
END 


currentBest["pos"]:  [20, 2]
node {'pos': [20, 2], 'status': 'closed', 'g': 14, 'collision': 0}
first loop  0
u:  -2 newPos[i]:  18
u:  2 newPos[i]:  22
newPos:  [22, 2] nodeName:  -20-2-
END 


first loop  1
u:  -2 newPos[i]:  0
u:  2 newPos[i]:  4
END 


currentBest["pos"]:  [16, 2]
node {'pos': [16, 2], 'status': 'closed', 'g': 18, 'collision': 0}
first loop  0
u:  -2 newPos[i]:  14
u:  2 newPos[i]:  18
END 


first loop  1
u:  -2 newPos[i]:  0
u:  2 newPos[i]:  4
END 


currentBest["pos"]:  [22, 12]
node {'pos': [22, 12], 'status': 'closed', 'g': 10, 'collision': 0}
first loop  0
u:  -2 newPos[i]:  20
u:  2 newPos[i]:  24
END 


first loop  1
u:  -2 newPos[i]:  10
u:  2 newPos[i]:  14
END 


currentBest["pos"]:  [22, 14]
node {'pos': [22, 14], 'status': 'closed', 'g': 9, 'collision': 0}
first loop  0
u:  -2 newPos[i]:  20
u:  2 newPos[i]:  24
END 


first loop  1
u:  -2 newPos[i]:  12
u:  2 newPos[i]:  16
END 


currentBest["pos"]:  [22, 10]
node {'pos': [22, 10], 'status': 'closed', 'g': 11, 'collision': 0}
first loop  0
u:  -2 newPos[i]:  20
u:  2 newPos[i]:  24
END 


first loop  1
u:  -2 newPos[i]:  8
u:  2 newPos[i]:  12
END 


currentBest["pos"]:  [20, 0]
node {'pos': [20, 0], 'status': 'closed', 'g': 15, 'collision': 0}
first loop  0
u:  -2 newPos[i]:  18
u:  2 newPos[i]:  22
newPos:  [22, 0] nodeName:  -20-0-
END 


first loop  1
u:  -2 newPos[i]:  -2
u:  2 newPos[i]:  2
END 


currentBest["pos"]:  [22, 16]
node {'pos': [22, 16], 'status': 'closed', 'g': 8, 'collision': 0}
first loop  0
u:  -2 newPos[i]:  20
u:  2 newPos[i]:  24
END 


first loop  1
u:  -2 newPos[i]:  14
u:  2 newPos[i]:  18
END 


currentBest["pos"]:  [22, 8]
node {'pos': [22, 8], 'status': 'closed', 'g': 12, 'collision': 0}
first loop  0
u:  -2 newPos[i]:  20
u:  2 newPos[i]:  24
END 


first loop  1
u:  -2 newPos[i]:  6
u:  2 newPos[i]:  10
END 


currentBest["pos"]:  [22, 18]
node {'pos': [22, 18], 'status': 'closed', 'g': 7, 'collision': 0}
first loop  0
u:  -2 newPos[i]:  20
u:  2 newPos[i]:  24
END 


first loop  1
u:  -2 newPos[i]:  16
u:  2 newPos[i]:  20
END 


currentBest["pos"]:  [22, 6]
node {'pos': [22, 6], 'status': 'closed', 'g': 13, 'collision': 0}
first loop  0
u:  -2 newPos[i]:  20
u:  2 newPos[i]:  24
END 


first loop  1
u:  -2 newPos[i]:  4
u:  2 newPos[i]:  8
END 


currentBest["pos"]:  [22, 20]
node {'pos': [22, 20], 'status': 'closed', 'g': 6, 'collision': 0}
first loop  0
u:  -2 newPos[i]:  20
u:  2 newPos[i]:  24
END 


first loop  1
u:  -2 newPos[i]:  18
u:  2 newPos[i]:  22
newPos:  [22, 22] nodeName:  -22-20-
END 


currentBest["pos"]:  [20, 22]
node {'pos': [20, 22], 'status': 'closed', 'g': 6, 'collision': 0}
first loop  0
u:  -2 newPos[i]:  18
u:  2 newPos[i]:  22
END 


first loop  1
u:  -2 newPos[i]:  20
u:  2 newPos[i]:  24
END 


currentBest["pos"]:  [22, 4]
node {'pos': [22, 4], 'status': 'closed', 'g': 14, 'collision': 0}
first loop  0
u:  -2 newPos[i]:  20
u:  2 newPos[i]:  24
END 


first loop  1
u:  -2 newPos[i]:  2
u:  2 newPos[i]:  6
END 


currentBest["pos"]:  [22, 2]
node {'pos': [22, 2], 'status': 'closed', 'g': 15, 'collision': 0}
first loop  0
u:  -2 newPos[i]:  20
u:  2 newPos[i]:  24
END 


first loop  1
u:  -2 newPos[i]:  0
u:  2 newPos[i]:  4
END 


currentBest["pos"]:  [22, 0]
node {'pos': [22, 0], 'status': 'closed', 'g': 16, 'collision': 0}
first loop  0
u:  -2 newPos[i]:  20
u:  2 newPos[i]:  24
END 


first loop  1
u:  -2 newPos[i]:  -2
u:  2 newPos[i]:  2
END 


currentBest["pos"]:  [22, 22]
node {'pos': [22, 22], 'status': 'closed', 'g': 7, 'collision': 0}
first loop  0
u:  -2 newPos[i]:  20
u:  2 newPos[i]:  24
END 


first loop  1
u:  -2 newPos[i]:  20
u:  2 newPos[i]:  24
END 